<?xml version="1.0" encoding="UTF-8"?>
<!-- Generated by org.testng.reporters.JUnitReportReporter -->
<testsuite hostname="DESKTOP-DHD9Q3R" failures="0" tests="1" name="TestCases.StoreLoginTest" time="7.285" errors="0" timestamp="2023-06-03T16:50:58 CEST" skipped="0">
  <testcase classname="TestCases.StoreLoginTest" name="login" time="7.285"/>
  <system-out/>
</testsuite> <!-- TestCases.StoreLoginTest -->
